<?xml version="1.0" encoding="UTF-8"?>
<!-- Generated by org.testng.reporters.JUnitReportReporter -->
<testsuite hostname="DESKTOP-7L49SOM" failures="0" tests="3" name="tests.LoginTest" time="11.218" errors="0" timestamp="02 Sep. 2021 21:05:20 GMT" skipped="0">
  <testcase classname="tests.LoginTest" name="verifySpecialCharactersEmailPassowordTest" time="3.307"/>
  <testcase classname="tests.LoginTest" name="verifyEmptyEmailPassowordTest" time="4.607"/>
  <testcase classname="tests.LoginTest" name="verifyWrongEmailPassowordTest" time="3.304"/>
</testsuite> <!-- tests.LoginTest -->
